<?xml version="1.0" encoding="UTF-8"?>
<!-- Generated by org.testng.reporters.JUnitReportReporter -->
<testsuite hostname="DESKTOP-QOEIJUB" failures="0" tests="1" name="TestGoogle.BuscquedaGoogle" time="13.196" errors="0" timestamp="2023-03-22T16:25:14 ART" skipped="0">
  <testcase classname="TestGoogle.BuscquedaGoogle" name="GooglePrincipal" time="13.196"/>
  <system-out/>
</testsuite> <!-- TestGoogle.BuscquedaGoogle -->
