<?xml version="1.0" encoding="UTF-8"?>
<!-- Generated by org.testng.reporters.JUnitReportReporter -->
<testsuite hostname="DESKTOP-QOEIJUB" failures="0" tests="1" name="TestLosCanias.Busquedas" time="12.324" errors="0" timestamp="2023-03-21T14:39:13 ART" skipped="0">
  <testcase classname="TestLosCanias.Busquedas" name="Home" time="12.324"/>
  <system-out/>
</testsuite> <!-- TestLosCanias.Busquedas -->
