<?xml version="1.0" encoding="UTF-8"?>
<!-- Generated by org.testng.reporters.JUnitReportReporter -->
<testsuite hostname="DESKTOP-QOEIJUB" failures="0" tests="1" name="TestLosCanias.NavegarPaginas" time="34.083" errors="0" timestamp="2023-03-15T09:41:28 ART" skipped="0">
  <testcase classname="TestLosCanias.NavegarPaginas" name="Home" time="34.083"/>
  <system-out/>
</testsuite> <!-- TestLosCanias.NavegarPaginas -->
